INFO:root:消息：
INFO:root:消息：
INFO:root:消息：
INFO:root:最终提交的数据为：
INFO:root:预约失败
INFO:root:最终提交的数据为：
INFO:root:预约成功
INFO:root:=======================
INFO:root:消息：
INFO:root:=======================
INFO:root:消息：
INFO:root:未预约
INFO:root:未预约
INFO:root:未预约
INFO:root:未预约
INFO:root:未预约
INFO:root:未预约
INFO:root:未预约
INFO:root:未预约
INFO:root:未预约
INFO:root:未预约
INFO:root:未预约
INFO:root:未预约
INFO:root:未预约
INFO:root:未预约
INFO:root:未预约
INFO:root:未预约
INFO:root:未预约
INFO:root:未预约
INFO:root:未预约
INFO:root:未预约
INFO:root:未预约
INFO:root:未预约
INFO:root:未预约
INFO:root:未预约
INFO:root:未预约
INFO:root:未预约
INFO:root:未预约
INFO:root:未预约
INFO:root:未预约
INFO:root:未预约
INFO:root:未预约
INFO:root:未预约
INFO:root:未预约
INFO:root:未预约
INFO:root:未预约
INFO:root:未预约
INFO:root:未预约
INFO:root:未预约
INFO:root:未预约
INFO:root:未预约
INFO:root:未预约
INFO:root:未预约
INFO:root:未预约
INFO:root:未预约
INFO:root:未预约
INFO:root:未预约
INFO:root:未预约
INFO:root:未预约
INFO:root:未预约
INFO:root:未预约
INFO:root:未预约
INFO:root:未预约
INFO:root:未预约
INFO:root:未预约
INFO:root:未预约
INFO:root:未预约
INFO:root:未预约
INFO:root:未预约
INFO:root:未预约
INFO:root:未预约
INFO:root:未预约
INFO:root:未预约
INFO:root:未预约
INFO:root:未预约
INFO:root:未预约
INFO:root:未预约
INFO:root:未预约
INFO:root:未预约
INFO:root:未预约
INFO:root:未预约
INFO:root:未预约
INFO:root:未预约
INFO:root:未预约
INFO:root:未预约
INFO:root:未预约
INFO:root:未预约
INFO:root:未预约
INFO:root:未预约
INFO:root:未预约
INFO:root:未预约
INFO:root:未预约
INFO:root:未预约
INFO:root:未预约
INFO:root:未预约
INFO:root:未预约
INFO:root:未预约
INFO:root:未预约
INFO:root:未预约
INFO:root:未预约
INFO:root:未预约
INFO:root:未预约
INFO:root:未预约
INFO:root:未预约
INFO:root:未预约
INFO:root:未预约
INFO:root:未预约
INFO:root:未预约
INFO:root:未预约
INFO:root:未预约
INFO:root:未预约
INFO:root:未预约
INFO:root:未预约
INFO:root:未预约
INFO:root:未预约
INFO:root:消息：
INFO:root:未预约
INFO:root:未预约
INFO:root:未预约
INFO:root:未预约
INFO:root:未预约
INFO:root:未预约
INFO:root:未预约
INFO:root:未预约
INFO:root:未预约
INFO:root:未预约
INFO:root:未预约
INFO:root:未预约
INFO:root:未预约
INFO:root:未预约
INFO:root:未预约
INFO:root:未预约
INFO:root:最终提交的数据为：
INFO:root:预约失败
INFO:root:未预约
INFO:root:未预约
INFO:root:=======================
INFO:root:未预约
INFO:root:未预约
INFO:root:未预约
INFO:root:未预约
INFO:root:未预约
INFO:root:未预约
INFO:root:未预约
INFO:root:未预约
INFO:root:未预约
INFO:root:未预约
INFO:root:未预约
INFO:root:未预约
INFO:root:未预约
INFO:root:未预约
INFO:root:未预约
INFO:root:未预约
INFO:root:未预约
INFO:root:未预约
INFO:root:未预约
INFO:root:未预约
INFO:root:未预约
INFO:root:未预约
INFO:root:未预约
INFO:root:未预约
INFO:root:未预约
INFO:root:未预约
INFO:root:未预约
INFO:root:未预约
INFO:root:未预约
INFO:root:未预约
INFO:root:未预约
INFO:root:未预约
INFO:root:未预约
INFO:root:未预约
INFO:root:未预约
INFO:root:未预约
INFO:root:未预约
INFO:root:未预约
INFO:root:未预约
INFO:root:未预约
INFO:root:未预约
INFO:root:未预约
INFO:root:未预约
INFO:root:未预约
INFO:root:未预约
INFO:root:未预约
INFO:root:未预约
INFO:root:未预约
INFO:root:未预约
INFO:root:未预约
INFO:root:未预约
INFO:root:未预约
INFO:root:未预约
INFO:root:未预约
INFO:root:未预约
INFO:root:未预约
INFO:root:未预约
INFO:root:未预约
INFO:root:未预约
INFO:root:未预约
INFO:root:未预约
INFO:root:未预约
INFO:root:未预约
INFO:root:未预约
INFO:root:未预约
INFO:root:未预约
INFO:root:未预约
INFO:root:未预约
INFO:root:未预约
INFO:root:未预约
INFO:root:未预约
INFO:root:未预约
INFO:root:未预约
INFO:root:未预约
INFO:root:未预约
INFO:root:未预约
INFO:root:未预约
INFO:root:未预约
INFO:root:未预约
INFO:root:未预约
INFO:root:未预约
INFO:root:未预约
INFO:root:未预约
INFO:root:未预约
INFO:root:未预约
INFO:root:未预约
INFO:root:未预约
INFO:root:未预约
INFO:root:未预约
INFO:root:未预约
INFO:root:未预约
INFO:root:未预约
INFO:root:未预约
INFO:root:未预约
INFO:root:未预约
INFO:root:未预约
INFO:root:未预约
INFO:root:未预约
INFO:root:未预约
INFO:root:未预约
INFO:root:未预约
INFO:root:未预约
INFO:root:未预约
INFO:root:未预约
INFO:root:未预约
INFO:root:未预约
INFO:root:未预约
INFO:root:未预约
INFO:root:未预约
INFO:root:未预约
INFO:root:未预约
INFO:root:未预约
INFO:root:未预约
INFO:root:未预约
INFO:root:1573280568有库存
INFO:root:1573280556有库存
