INFO:root:1573510842.198253 页面已更新
INFO:root:当日状态：已约满
INFO:root:当日状态：已约满
INFO:root:1573510886.1926198 页面已更新
INFO:root:当日状态：已约满
INFO:root:当日状态：已约满
INFO:root:当日状态：已约满
INFO:root:当日状态：已约满
INFO:root:1573510886.1926198 页面已更新
INFO:root:当日状态：已约满
INFO:root:当日状态：已约满
INFO:root:当日状态：已约满
INFO:root:当日状态：已约满
INFO:root:1573511368.6670525 页面已更新
INFO:root:当日状态：已约满
INFO:root:当日状态：已约满
INFO:root:当日状态：已约满
INFO:root:当日状态：已约满
INFO:root:1573511368.6637168 页面已更新
INFO:root:当日状态：已约满
INFO:root:当日状态：已约满
INFO:root:当日状态：已约满
INFO:root:当日状态：已约满
INFO:root:当日状态：已约满
INFO:root:1573511368.6627364 页面已更新
INFO:root:当日状态：已约满
INFO:root:当日状态：已约满
INFO:root:当日状态：已约满
INFO:root:当日状态：已约满
INFO:root:当日状态：已约满
INFO:root:1573511368.6670525 页面已更新
INFO:root:当日状态：已约满
INFO:root:当日状态：已约满
INFO:root:当日状态：已约满
INFO:root:当日状态：已约满
INFO:root:当日状态：已约满
INFO:root:1573511368.665117 页面已更新
INFO:root:当日状态：已约满
INFO:root:当日状态：已约满
INFO:root:当日状态：已约满
INFO:root:当日状态：已约满
INFO:root:当日状态：已约满
INFO:root:1573511368.6627364 页面已更新
INFO:root:当日状态：已约满
INFO:root:当日状态：已约满
INFO:root:当日状态：已约满
INFO:root:当日状态：已约满
INFO:root:当日状态：已约满
INFO:root:1573511368.665117 页面已更新
INFO:root:当日状态：已约满
INFO:root:当日状态：已约满
INFO:root:当日状态：已约满
INFO:root:当日状态：已约满
INFO:root:当日状态：已约满
INFO:root:1573511368.6637168 页面已更新
INFO:root:当日状态：已约满
INFO:root:当日状态：已约满
INFO:root:1573511368.6637168 页面已更新
INFO:root:当日状态：已约满
INFO:root:当日状态：已约满
INFO:root:1573511368.665117 页面已更新
INFO:root:当日状态：已约满
INFO:root:当日状态：已约满
INFO:root:1573511368.6670525 页面已更新
INFO:root:当日状态：已约满
INFO:root:当日状态：已约满
INFO:root:1573511368.665117 页面已更新
INFO:root:当日状态：已约满
INFO:root:当日状态：已约满
INFO:root:1573511368.665117 页面已更新
INFO:root:当日状态：已约满
INFO:root:当日状态：已约满
INFO:root:1573511368.6627364 页面已更新
INFO:root:当日状态：已约满
INFO:root:当日状态：已约满
INFO:root:当日状态：已约满
INFO:root:当日状态：已约满
INFO:root:1573511851.470706 页面已更新
INFO:root:当日状态：已约满
INFO:root:当日状态：已约满
INFO:root:当日状态：已约满
INFO:root:当日状态：已约满
INFO:root:1573511851.4749343 页面已更新
INFO:root:当日状态：已约满
INFO:root:当日状态：已约满
INFO:root:当日状态：已约满
INFO:root:当日状态：已约满
INFO:root:1573514353.4534645 页面已更新
INFO:root:当日状态：已约满
INFO:root:当日状态：已约满
INFO:root:当日状态：已约满
INFO:root:当日状态：已约满
INFO:root:当日状态：已约满
INFO:root:1573514353.4504263 页面已更新
INFO:root:当日状态：已约满
INFO:root:当日状态：已约满
INFO:root:当日状态：已约满
INFO:root:当日状态：已约满
INFO:root:当日状态：已约满
INFO:root:1573514353.4514387 页面已更新
INFO:root:当日状态：已约满
INFO:root:当日状态：已约满
INFO:root:当日状态：已约满
INFO:root:当日状态：已约满
INFO:root:当日状态：已约满
INFO:root:1573514369.90529 页面已更新
INFO:root:当日状态：已约满
INFO:root:当日状态：已约满
INFO:root:当日状态：已约满
INFO:root:当日状态：已约满
INFO:root:当日状态：已约满
INFO:root:1573516126.6148155 页面已更新
INFO:root:当日状态：已约满
INFO:root:当日状态：已约满
INFO:root:当日状态：已约满
INFO:root:当日状态：已约满
INFO:root:当日状态：已约满
INFO:root:1573517451.5783603 页面已更新
INFO:root:当日状态：已约满
INFO:root:当日状态：已约满
INFO:root:当日状态：已约满
INFO:root:当日状态：已约满
INFO:root:当日状态：已约满
INFO:root:1573517451.575957 页面已更新
INFO:root:当日状态：已约满
INFO:root:当日状态：已约满
INFO:root:1573517451.5805516 页面已更新
INFO:root:当日状态：已约满
INFO:root:当日状态：已约满
INFO:root:1573517451.5770333 页面已更新
INFO:root:当日状态：已约满
INFO:root:当日状态：已约满
INFO:root:1573517451.575957 页面已更新
INFO:root:当日状态：已约满
INFO:root:当日状态：已约满
INFO:root:1573517451.5783603 页面已更新
INFO:root:当日状态：已约满
INFO:root:当日状态：已约满
INFO:root:1573517451.5805516 页面已更新
INFO:root:当日状态：已约满
INFO:root:当日状态：已约满
INFO:root:1573517451.5783603 页面已更新
INFO:root:当日状态：已约满
INFO:root:当日状态：已约满
INFO:root:当日状态：已约满
INFO:root:当日状态：已约满
INFO:root:1573517451.575957 页面已更新
INFO:root:当日状态：已约满
INFO:root:当日状态：已约满
INFO:root:当日状态：已约满
INFO:root:当日状态：已约满
INFO:root:1573517451.5770333 页面已更新
INFO:root:当日状态：已约满
INFO:root:当日状态：已约满
INFO:root:当日状态：已约满
INFO:root:当日状态：已约满
INFO:root:1573517451.575957 页面已更新
INFO:root:当日状态：已约满
INFO:root:当日状态：已约满
INFO:root:当日状态：已约满
INFO:root:当日状态：已约满
INFO:root:当日状态：已约满
INFO:root:1573517451.575957 页面已更新
INFO:root:当日状态：已约满
INFO:root:当日状态：已约满
INFO:root:当日状态：已约满
INFO:root:当日状态：已约满
INFO:root:当日状态：已约满
INFO:root:1573517451.5783603 页面已更新
INFO:root:当日状态：已约满
INFO:root:当日状态：已约满
INFO:root:当日状态：已约满
INFO:root:当日状态：已约满
INFO:root:当日状态：已约满
INFO:root:1573517451.5770333 页面已更新
INFO:root:当日状态：已约满
INFO:root:当日状态：已约满
INFO:root:当日状态：已约满
INFO:root:当日状态：已约满
INFO:root:当日状态：已约满
INFO:root:1573517451.5783603 页面已更新
INFO:root:当日状态：已约满
INFO:root:当日状态：已约满
INFO:root:当日状态：已约满
INFO:root:当日状态：已约满
INFO:root:当日状态：已约满
INFO:root:1573517451.575957 页面已更新
INFO:root:当日状态：已约满
INFO:root:当日状态：已约满
INFO:root:当日状态：已约满
INFO:root:当日状态：已约满
INFO:root:当日状态：已约满
INFO:root:1573517451.5783603 页面已更新
INFO:root:当日状态：已约满
INFO:root:当日状态：已约满
INFO:root:1573517451.5783603 页面已更新
INFO:root:当日状态：已约满
INFO:root:当日状态：已约满
INFO:root:1573517451.5805516 页面已更新
INFO:root:当日状态：已约满
INFO:root:当日状态：已约满
INFO:root:1573517451.5783603 页面已更新
INFO:root:当日状态：已约满
INFO:root:当日状态：已约满
INFO:root:1573517451.5783603 页面已更新
INFO:root:当日状态：已约满
INFO:root:当日状态：已约满
INFO:root:1573517451.5783603 页面已更新
INFO:root:当日状态：已约满
INFO:root:当日状态：已约满
INFO:root:1573517451.5783603 页面已更新
INFO:root:当日状态：已约满
INFO:root:当日状态：已约满
INFO:root:当日状态：已约满
INFO:root:当日状态：已约满
INFO:root:1573517451.5805516 页面已更新
INFO:root:当日状态：已约满
INFO:root:当日状态：已约满
INFO:root:当日状态：已约满
INFO:root:当日状态：已约满
INFO:root:1573517451.5783603 页面已更新
INFO:root:当日状态：已约满
INFO:root:当日状态：已约满
INFO:root:当日状态：已约满
INFO:root:当日状态：已约满
INFO:root:1573517451.575957 页面已更新
INFO:root:当日状态：已约满
INFO:root:当日状态：已约满
INFO:root:当日状态：已约满
INFO:root:当日状态：已约满
INFO:root:当日状态：已约满
INFO:root:1573517451.5770333 页面已更新
INFO:root:当日状态：已约满
INFO:root:当日状态：已约满
INFO:root:当日状态：已约满
INFO:root:当日状态：已约满
INFO:root:当日状态：已约满
INFO:root:1573517451.5783603 页面已更新
INFO:root:当日状态：已约满
INFO:root:当日状态：已约满
INFO:root:当日状态：已约满
INFO:root:当日状态：已约满
INFO:root:当日状态：已约满
INFO:root:1573517451.5805516 页面已更新
INFO:root:当日状态：已约满
INFO:root:当日状态：已约满
INFO:root:当日状态：已约满
INFO:root:当日状态：已约满
INFO:root:当日状态：已约满
INFO:root:1573517451.5783603 页面已更新
INFO:root:当日状态：已约满
INFO:root:当日状态：已约满
INFO:root:当日状态：已约满
INFO:root:当日状态：已约满
INFO:root:当日状态：已约满
INFO:root:1573517451.5770333 页面已更新
INFO:root:当日状态：已约满
INFO:root:当日状态：已约满
INFO:root:当日状态：已约满
INFO:root:当日状态：已约满
INFO:root:当日状态：已约满
INFO:root:1573517451.575957 页面已更新
INFO:root:当日状态：已约满
INFO:root:当日状态：已约满
INFO:root:1573517451.5783603 页面已更新
INFO:root:当日状态：已约满
INFO:root:当日状态：已约满
INFO:root:1573517451.5770333 页面已更新
INFO:root:当日状态：已约满
INFO:root:当日状态：已约满
INFO:root:1573517451.5783603 页面已更新
INFO:root:当日状态：已约满
INFO:root:当日状态：已约满
INFO:root:1573517451.5805516 页面已更新
INFO:root:当日状态：已约满
INFO:root:当日状态：已约满
INFO:root:1573517451.575957 页面已更新
INFO:root:当日状态：已约满
INFO:root:当日状态：已约满
INFO:root:1573517451.575957 页面已更新
INFO:root:当日状态：已约满
INFO:root:当日状态：已约满
INFO:root:当日状态：已约满
INFO:root:当日状态：已约满
INFO:root:1573517451.5783603 页面已更新
INFO:root:当日状态：已约满
INFO:root:当日状态：已约满
INFO:root:当日状态：已约满
INFO:root:当日状态：已约满
INFO:root:1573517451.575957 页面已更新
INFO:root:当日状态：已约满
INFO:root:当日状态：已约满
INFO:root:当日状态：已约满
INFO:root:当日状态：已约满
INFO:root:1573517451.5805516 页面已更新
INFO:root:当日状态：已约满
INFO:root:当日状态：已约满
INFO:root:当日状态：已约满
INFO:root:当日状态：已约满
INFO:root:当日状态：已约满
INFO:root:1573517451.5783603 页面已更新
INFO:root:当日状态：已约满
INFO:root:当日状态：已约满
INFO:root:当日状态：已约满
INFO:root:当日状态：已约满
INFO:root:当日状态：已约满
INFO:root:1573517451.5783603 页面已更新
INFO:root:当日状态：已约满
INFO:root:当日状态：已约满
INFO:root:当日状态：已约满
INFO:root:当日状态：已约满
INFO:root:当日状态：已约满
INFO:root:1573517451.5783603 页面已更新
INFO:root:当日状态：已约满
INFO:root:当日状态：已约满
INFO:root:当日状态：已约满
INFO:root:当日状态：已约满
INFO:root:当日状态：已约满
INFO:root:1573517451.5770333 页面已更新
INFO:root:当日状态：已约满
INFO:root:当日状态：已约满
INFO:root:当日状态：已约满
INFO:root:当日状态：已约满
INFO:root:当日状态：已约满
INFO:root:1573517451.575957 页面已更新
INFO:root:当日状态：已约满
INFO:root:当日状态：已约满
INFO:root:当日状态：已约满
INFO:root:当日状态：已约满
INFO:root:当日状态：已约满
INFO:root:1573517451.575957 页面已更新
INFO:root:当日状态：已约满
INFO:root:当日状态：已约满
INFO:root:1573517451.5805516 页面已更新
INFO:root:当日状态：已约满
INFO:root:当日状态：已约满
INFO:root:1573517451.5805516 页面已更新
INFO:root:当日状态：已约满
INFO:root:当日状态：已约满
INFO:root:1573517451.5805516 页面已更新
INFO:root:当日状态：已约满
INFO:root:当日状态：已约满
INFO:root:1573517451.575957 页面已更新
INFO:root:当日状态：已约满
INFO:root:当日状态：已约满
INFO:root:1573517451.575957 页面已更新
INFO:root:当日状态：已约满
INFO:root:当日状态：已约满
INFO:root:1573517451.575957 页面已更新
INFO:root:当日状态：已约满
INFO:root:当日状态：已约满
INFO:root:当日状态：已约满
INFO:root:当日状态：已约满
INFO:root:1573517451.5805516 页面已更新
INFO:root:当日状态：已约满
INFO:root:当日状态：已约满
INFO:root:当日状态：已约满
INFO:root:当日状态：已约满
INFO:root:1573517451.575957 页面已更新
INFO:root:当日状态：已约满
INFO:root:当日状态：已约满
INFO:root:当日状态：已约满
INFO:root:当日状态：已约满
INFO:root:1573517451.5783603 页面已更新
INFO:root:当日状态：已约满
INFO:root:当日状态：已约满
INFO:root:当日状态：已约满
INFO:root:当日状态：已约满
INFO:root:当日状态：已约满
INFO:root:1573517451.575957 页面已更新
INFO:root:当日状态：已约满
INFO:root:当日状态：已约满
INFO:root:当日状态：已约满
INFO:root:当日状态：已约满
INFO:root:当日状态：已约满
INFO:root:1573517451.575957 页面已更新
INFO:root:当日状态：已约满
INFO:root:当日状态：已约满
INFO:root:当日状态：已约满
INFO:root:当日状态：已约满
INFO:root:当日状态：已约满
INFO:root:1573517451.5805516 页面已更新
INFO:root:当日状态：已约满
INFO:root:当日状态：已约满
INFO:root:当日状态：已约满
INFO:root:当日状态：已约满
INFO:root:当日状态：已约满
INFO:root:1573517451.5805516 页面已更新
INFO:root:当日状态：已约满
INFO:root:当日状态：已约满
INFO:root:当日状态：已约满
INFO:root:当日状态：已约满
INFO:root:当日状态：已约满
INFO:root:1573517451.5770333 页面已更新
INFO:root:当日状态：已约满
INFO:root:当日状态：已约满
INFO:root:当日状态：已约满
INFO:root:当日状态：已约满
INFO:root:当日状态：已约满
INFO:root:1573517451.5770333 页面已更新
INFO:root:当日状态：已约满
INFO:root:当日状态：已约满
INFO:root:1573517451.575957 页面已更新
INFO:root:当日状态：已约满
INFO:root:当日状态：已约满
INFO:root:1573517451.5783603 页面已更新
INFO:root:当日状态：已约满
INFO:root:当日状态：已约满
INFO:root:1573517451.5770333 页面已更新
INFO:root:当日状态：已约满
INFO:root:当日状态：已约满
INFO:root:1573517451.5783603 页面已更新
INFO:root:当日状态：已约满
INFO:root:当日状态：已约满
INFO:root:1573517451.5783603 页面已更新
INFO:root:当日状态：已约满
INFO:root:当日状态：已约满
INFO:root:1573517451.5805516 页面已更新
INFO:root:当日状态：已约满
INFO:root:当日状态：已约满
INFO:root:当日状态：已约满
INFO:root:当日状态：已约满
INFO:root:1573517451.5783603 页面已更新
INFO:root:当日状态：已约满
INFO:root:当日状态：已约满
INFO:root:当日状态：已约满
INFO:root:当日状态：已约满
INFO:root:1573517451.5770333 页面已更新
INFO:root:当日状态：已约满
INFO:root:当日状态：已约满
INFO:root:当日状态：已约满
INFO:root:当日状态：已约满
INFO:root:1573517451.5783603 页面已更新
INFO:root:当日状态：已约满
INFO:root:当日状态：已约满
INFO:root:当日状态：已约满
INFO:root:当日状态：已约满
INFO:root:当日状态：已约满
INFO:root:1573517451.5770333 页面已更新
INFO:root:当日状态：已约满
INFO:root:当日状态：已约满
INFO:root:当日状态：已约满
INFO:root:当日状态：已约满
INFO:root:当日状态：已约满
INFO:root:1573517451.5770333 页面已更新
INFO:root:当日状态：已约满
INFO:root:当日状态：已约满
INFO:root:当日状态：已约满
INFO:root:当日状态：已约满
INFO:root:当日状态：已约满
INFO:root:1573517451.5783603 页面已更新
INFO:root:当日状态：已约满
INFO:root:当日状态：已约满
INFO:root:当日状态：已约满
INFO:root:当日状态：已约满
INFO:root:当日状态：已约满
INFO:root:1573517451.5783603 页面已更新
INFO:root:当日状态：已约满
INFO:root:当日状态：已约满
INFO:root:当日状态：已约满
INFO:root:当日状态：已约满
INFO:root:当日状态：已约满
INFO:root:1573517451.575957 页面已更新
INFO:root:当日状态：已约满
INFO:root:当日状态：已约满
INFO:root:当日状态：已约满
INFO:root:当日状态：已约满
INFO:root:当日状态：已约满
INFO:root:1573517451.5770333 页面已更新
INFO:root:当日状态：已约满
INFO:root:当日状态：已约满
INFO:root:1573517451.5805516 页面已更新
INFO:root:当日状态：已约满
INFO:root:当日状态：已约满
INFO:root:1573517451.575957 页面已更新
INFO:root:当日状态：已约满
INFO:root:当日状态：已约满
INFO:root:1573517451.5805516 页面已更新
INFO:root:当日状态：已约满
INFO:root:当日状态：已约满
INFO:root:1573517451.5783603 页面已更新
INFO:root:当日状态：已约满
INFO:root:当日状态：已约满
INFO:root:1573517451.5805516 页面已更新
INFO:root:当日状态：已约满
INFO:root:当日状态：已约满
INFO:root:1573517451.5770333 页面已更新
INFO:root:当日状态：已约满
INFO:root:当日状态：已约满
INFO:root:当日状态：已约满
INFO:root:当日状态：已约满
INFO:root:1573517451.5783603 页面已更新
INFO:root:当日状态：已约满
INFO:root:当日状态：已约满
INFO:root:当日状态：已约满
INFO:root:当日状态：已约满
INFO:root:1573517451.5805516 页面已更新
INFO:root:当日状态：已约满
INFO:root:当日状态：已约满
INFO:root:当日状态：已约满
INFO:root:当日状态：已约满
INFO:root:1573517451.5805516 页面已更新
INFO:root:当日状态：已约满
INFO:root:当日状态：已约满
INFO:root:当日状态：已约满
INFO:root:当日状态：已约满
INFO:root:当日状态：已约满
INFO:root:1573517451.5783603 页面已更新
INFO:root:当日状态：已约满
INFO:root:当日状态：已约满
INFO:root:当日状态：已约满
INFO:root:当日状态：已约满
INFO:root:当日状态：已约满
INFO:root:1573517451.575957 页面已更新
INFO:root:当日状态：已约满
INFO:root:当日状态：已约满
INFO:root:当日状态：已约满
INFO:root:当日状态：已约满
INFO:root:当日状态：已约满
INFO:root:1573517451.5770333 页面已更新
INFO:root:当日状态：已约满
INFO:root:当日状态：已约满
INFO:root:当日状态：已约满
INFO:root:当日状态：已约满
INFO:root:当日状态：已约满
INFO:root:1573517451.5770333 页面已更新
INFO:root:当日状态：已约满
INFO:root:当日状态：已约满
INFO:root:当日状态：已约满
INFO:root:当日状态：已约满
INFO:root:当日状态：已约满
INFO:root:1573517451.575957 页面已更新
INFO:root:当日状态：已约满
INFO:root:当日状态：已约满
INFO:root:当日状态：已约满
INFO:root:当日状态：已约满
INFO:root:当日状态：已约满
INFO:root:1573517451.5770333 页面已更新
INFO:root:当日状态：已约满
INFO:root:当日状态：已约满
INFO:root:1573517451.5783603 页面已更新
INFO:root:当日状态：已约满
INFO:root:当日状态：已约满
INFO:root:1573517451.5770333 页面已更新
INFO:root:当日状态：已约满
INFO:root:当日状态：已约满
INFO:root:1573517451.5770333 页面已更新
INFO:root:当日状态：已约满
INFO:root:当日状态：已约满
INFO:root:1573517451.5770333 页面已更新
INFO:root:当日状态：已约满
INFO:root:当日状态：已约满
INFO:root:1573517451.5783603 页面已更新
INFO:root:当日状态：已约满
INFO:root:当日状态：已约满
INFO:root:1573517451.5770333 页面已更新
INFO:root:当日状态：已约满
INFO:root:当日状态：已约满
INFO:root:当日状态：已约满
INFO:root:当日状态：已约满
INFO:root:1573517451.5783603 页面已更新
INFO:root:当日状态：已约满
INFO:root:当日状态：已约满
INFO:root:当日状态：已约满
INFO:root:当日状态：已约满
INFO:root:1573517451.5770333 页面已更新
INFO:root:当日状态：已约满
INFO:root:当日状态：已约满
INFO:root:当日状态：已约满
INFO:root:当日状态：已约满
INFO:root:1573517451.5805516 页面已更新
INFO:root:当日状态：已约满
INFO:root:当日状态：已约满
INFO:root:当日状态：已约满
INFO:root:当日状态：已约满
INFO:root:当日状态：已约满
INFO:root:1573517451.575957 页面已更新
INFO:root:当日状态：已约满
INFO:root:当日状态：已约满
INFO:root:当日状态：已约满
INFO:root:当日状态：已约满
INFO:root:当日状态：已约满
INFO:root:1573517451.5770333 页面已更新
INFO:root:当日状态：已约满
INFO:root:当日状态：已约满
INFO:root:当日状态：已约满
INFO:root:当日状态：已约满
INFO:root:当日状态：已约满
INFO:root:1573517451.575957 页面已更新
INFO:root:当日状态：已约满
INFO:root:当日状态：已约满
INFO:root:当日状态：已约满
INFO:root:当日状态：已约满
INFO:root:当日状态：已约满
INFO:root:1573517451.5783603 页面已更新
INFO:root:当日状态：已约满
INFO:root:当日状态：已约满
INFO:root:当日状态：已约满
INFO:root:当日状态：已约满
INFO:root:当日状态：已约满
INFO:root:1573517451.5770333 页面已更新
INFO:root:当日状态：已约满
INFO:root:当日状态：已约满
INFO:root:当日状态：已约满
INFO:root:当日状态：已约满
INFO:root:当日状态：已约满
INFO:root:1573517451.5783603 页面已更新
INFO:root:当日状态：已约满
INFO:root:当日状态：已约满
INFO:root:1573517451.5783603 页面已更新
INFO:root:当日状态：已约满
INFO:root:当日状态：已约满
INFO:root:1573517451.5805516 页面已更新
INFO:root:当日状态：已约满
INFO:root:当日状态：已约满
INFO:root:1573517451.5783603 页面已更新
INFO:root:当日状态：已约满
INFO:root:当日状态：已约满
INFO:root:1573517451.5783603 页面已更新
INFO:root:当日状态：已约满
INFO:root:当日状态：已约满
INFO:root:1573517451.5770333 页面已更新
INFO:root:当日状态：已约满
INFO:root:当日状态：已约满
INFO:root:1573517451.575957 页面已更新
INFO:root:当日状态：已约满
INFO:root:当日状态：已约满
INFO:root:当日状态：已约满
INFO:root:当日状态：已约满
INFO:root:1573517451.5805516 页面已更新
INFO:root:当日状态：已约满
INFO:root:当日状态：已约满
INFO:root:当日状态：已约满
INFO:root:当日状态：已约满
INFO:root:1573517451.5805516 页面已更新
INFO:root:当日状态：已约满
INFO:root:当日状态：已约满
INFO:root:当日状态：已约满
INFO:root:当日状态：已约满
INFO:root:1573517451.5783603 页面已更新
INFO:root:当日状态：已约满
INFO:root:当日状态：已约满
INFO:root:当日状态：已约满
INFO:root:当日状态：已约满
INFO:root:当日状态：已约满
INFO:root:1573517451.5805516 页面已更新
INFO:root:当日状态：已约满
INFO:root:当日状态：已约满
INFO:root:当日状态：已约满
INFO:root:当日状态：已约满
INFO:root:当日状态：已约满
INFO:root:1573517451.5783603 页面已更新
INFO:root:当日状态：已约满
INFO:root:当日状态：已约满
INFO:root:当日状态：已约满
INFO:root:当日状态：已约满
INFO:root:当日状态：已约满
INFO:root:1573517451.5805516 页面已更新
INFO:root:当日状态：已约满
INFO:root:当日状态：已约满
INFO:root:当日状态：已约满
INFO:root:当日状态：已约满
INFO:root:当日状态：已约满
INFO:root:1573517451.575957 页面已更新
INFO:root:当日状态：已约满
INFO:root:当日状态：已约满
INFO:root:当日状态：已约满
INFO:root:当日状态：已约满
INFO:root:当日状态：已约满
INFO:root:1573517451.5770333 页面已更新
INFO:root:当日状态：已约满
INFO:root:当日状态：已约满
INFO:root:当日状态：已约满
INFO:root:当日状态：已约满
INFO:root:当日状态：已约满
INFO:root:1573517451.5805516 页面已更新
INFO:root:当日状态：已约满
INFO:root:当日状态：已约满
INFO:root:1573517451.575957 页面已更新
INFO:root:当日状态：已约满
INFO:root:当日状态：已约满
INFO:root:1573517451.5783603 页面已更新
INFO:root:当日状态：已约满
INFO:root:当日状态：已约满
INFO:root:1573517451.575957 页面已更新
INFO:root:当日状态：已约满
INFO:root:当日状态：已约满
INFO:root:1573517451.5770333 页面已更新
INFO:root:当日状态：已约满
INFO:root:当日状态：已约满
INFO:root:1573517451.5805516 页面已更新
INFO:root:当日状态：已约满
INFO:root:当日状态：已约满
INFO:root:1573517451.5770333 页面已更新
INFO:root:当日状态：已约满
INFO:root:当日状态：已约满
INFO:root:当日状态：已约满
INFO:root:当日状态：已约满
INFO:root:1573517451.5805516 页面已更新
INFO:root:当日状态：已约满
INFO:root:当日状态：已约满
INFO:root:当日状态：已约满
INFO:root:当日状态：已约满
INFO:root:1573517451.5783603 页面已更新
INFO:root:当日状态：已约满
INFO:root:当日状态：已约满
INFO:root:当日状态：已约满
INFO:root:当日状态：已约满
INFO:root:1573517451.5770333 页面已更新
INFO:root:当日状态：已约满
INFO:root:当日状态：已约满
INFO:root:当日状态：已约满
INFO:root:当日状态：已约满
INFO:root:当日状态：已约满
INFO:root:1573517451.575957 页面已更新
INFO:root:当日状态：已约满
INFO:root:当日状态：已约满
INFO:root:当日状态：已约满
INFO:root:当日状态：已约满
INFO:root:当日状态：已约满
INFO:root:1573517451.575957 页面已更新
INFO:root:当日状态：已约满
INFO:root:当日状态：已约满
INFO:root:当日状态：已约满
INFO:root:当日状态：已约满
INFO:root:当日状态：已约满
INFO:root:1573517451.5783603 页面已更新
INFO:root:当日状态：已约满
INFO:root:当日状态：已约满
INFO:root:当日状态：已约满
INFO:root:当日状态：已约满
INFO:root:当日状态：已约满
INFO:root:1573517451.5770333 页面已更新
INFO:root:当日状态：已约满
INFO:root:当日状态：已约满
INFO:root:当日状态：已约满
INFO:root:当日状态：已约满
INFO:root:当日状态：已约满
INFO:root:1573517451.575957 页面已更新
INFO:root:当日状态：已约满
INFO:root:当日状态：已约满
INFO:root:当日状态：已约满
INFO:root:当日状态：已约满
INFO:root:当日状态：已约满
INFO:root:1573517451.575957 页面已更新
INFO:root:当日状态：已约满
INFO:root:当日状态：已约满
INFO:root:1573517451.5805516 页面已更新
INFO:root:当日状态：已约满
INFO:root:当日状态：已约满
INFO:root:1573517451.5805516 页面已更新
INFO:root:当日状态：已约满
INFO:root:当日状态：已约满
INFO:root:1573517451.575957 页面已更新
INFO:root:当日状态：已约满
INFO:root:当日状态：已约满
INFO:root:1573517451.575957 页面已更新
INFO:root:当日状态：已约满
INFO:root:当日状态：已约满
INFO:root:1573517451.575957 页面已更新
INFO:root:当日状态：已约满
INFO:root:当日状态：已约满
INFO:root:1573517451.5783603 页面已更新
INFO:root:当日状态：已约满
INFO:root:当日状态：已约满
INFO:root:当日状态：已约满
INFO:root:当日状态：已约满
INFO:root:1573517451.575957 页面已更新
INFO:root:当日状态：已约满
INFO:root:当日状态：已约满
INFO:root:当日状态：已约满
INFO:root:当日状态：已约满
INFO:root:1573517451.5783603 页面已更新
INFO:root:当日状态：已约满
INFO:root:当日状态：已约满
INFO:root:当日状态：已约满
INFO:root:当日状态：已约满
INFO:root:1573517451.5783603 页面已更新
INFO:root:当日状态：已约满
INFO:root:当日状态：已约满
INFO:root:当日状态：已约满
INFO:root:当日状态：已约满
INFO:root:当日状态：已约满
INFO:root:1573517451.5770333 页面已更新
INFO:root:当日状态：已约满
INFO:root:当日状态：已约满
INFO:root:当日状态：已约满
INFO:root:当日状态：已约满
INFO:root:当日状态：已约满
INFO:root:1573517451.5770333 页面已更新
INFO:root:当日状态：已约满
INFO:root:当日状态：已约满
INFO:root:当日状态：已约满
INFO:root:当日状态：已约满
INFO:root:当日状态：已约满
INFO:root:1573517451.5783603 页面已更新
INFO:root:当日状态：已约满
INFO:root:当日状态：已约满
INFO:root:当日状态：已约满
INFO:root:当日状态：已约满
INFO:root:当日状态：已约满
INFO:root:1573517451.5805516 页面已更新
INFO:root:当日状态：已约满
INFO:root:当日状态：已约满
INFO:root:当日状态：已约满
INFO:root:当日状态：已约满
INFO:root:当日状态：已约满
INFO:root:1573517451.575957 页面已更新
INFO:root:当日状态：已约满
INFO:root:当日状态：已约满
INFO:root:当日状态：已约满
INFO:root:当日状态：已约满
INFO:root:当日状态：已约满
INFO:root:1573517451.5805516 页面已更新
INFO:root:当日状态：已约满
INFO:root:当日状态：已约满
INFO:root:1573517451.5805516 页面已更新
INFO:root:当日状态：已约满
INFO:root:当日状态：已约满
INFO:root:1573517451.5805516 页面已更新
INFO:root:当日状态：已约满
INFO:root:当日状态：已约满
INFO:root:1573517451.575957 页面已更新
INFO:root:当日状态：已约满
INFO:root:当日状态：已约满
INFO:root:1573517451.5770333 页面已更新
INFO:root:当日状态：已约满
INFO:root:当日状态：已约满
INFO:root:1573517451.5805516 页面已更新
INFO:root:当日状态：已约满
INFO:root:当日状态：已约满
INFO:root:1573517451.575957 页面已更新
INFO:root:当日状态：已约满
INFO:root:当日状态：已约满
INFO:root:当日状态：已约满
INFO:root:当日状态：已约满
INFO:root:1573517451.575957 页面已更新
INFO:root:当日状态：已约满
INFO:root:当日状态：已约满
INFO:root:当日状态：已约满
INFO:root:当日状态：已约满
INFO:root:1573517451.575957 页面已更新
INFO:root:当日状态：已约满
INFO:root:当日状态：已约满
INFO:root:当日状态：已约满
INFO:root:当日状态：已约满
INFO:root:1573517451.5770333 页面已更新
INFO:root:当日状态：已约满
INFO:root:当日状态：已约满
INFO:root:当日状态：已约满
INFO:root:当日状态：已约满
INFO:root:当日状态：已约满
INFO:root:1573517451.5783603 页面已更新
INFO:root:当日状态：已约满
INFO:root:当日状态：已约满
INFO:root:当日状态：已约满
INFO:root:当日状态：已约满
INFO:root:当日状态：已约满
INFO:root:1573517451.5805516 页面已更新
INFO:root:当日状态：已约满
INFO:root:当日状态：已约满
INFO:root:当日状态：已约满
INFO:root:当日状态：已约满
INFO:root:当日状态：已约满
INFO:root:1573517451.5783603 页面已更新
INFO:root:当日状态：已约满
INFO:root:当日状态：已约满
INFO:root:当日状态：已约满
INFO:root:当日状态：已约满
INFO:root:当日状态：已约满
INFO:root:1573517451.5770333 页面已更新
INFO:root:当日状态：已约满
INFO:root:当日状态：已约满
INFO:root:当日状态：已约满
INFO:root:当日状态：已约满
INFO:root:当日状态：已约满
INFO:root:1573517451.5783603 页面已更新
INFO:root:当日状态：已约满
INFO:root:当日状态：已约满
INFO:root:当日状态：已约满
INFO:root:当日状态：已约满
INFO:root:当日状态：已约满
INFO:root:1573517451.5770333 页面已更新
INFO:root:当日状态：已约满
INFO:root:当日状态：已约满
INFO:root:1573517451.575957 页面已更新
INFO:root:当日状态：已约满
INFO:root:当日状态：已约满
INFO:root:1573517451.5770333 页面已更新
INFO:root:当日状态：已约满
INFO:root:当日状态：已约满
INFO:root:1573517451.5783603 页面已更新
INFO:root:当日状态：已约满
INFO:root:当日状态：已约满
INFO:root:1573517451.5805516 页面已更新
INFO:root:当日状态：已约满
INFO:root:当日状态：已约满
INFO:root:1573517451.575957 页面已更新
INFO:root:当日状态：已约满
INFO:root:当日状态：已约满
INFO:root:1573517451.5805516 页面已更新
INFO:root:当日状态：已约满
INFO:root:当日状态：已约满
INFO:root:当日状态：已约满
INFO:root:当日状态：已约满
INFO:root:1573517451.5770333 页面已更新
INFO:root:当日状态：已约满
INFO:root:当日状态：已约满
INFO:root:当日状态：已约满
INFO:root:当日状态：已约满
INFO:root:1573517451.5770333 页面已更新
INFO:root:当日状态：已约满
INFO:root:当日状态：已约满
INFO:root:当日状态：已约满
INFO:root:当日状态：已约满
INFO:root:1573517451.5770333 页面已更新
INFO:root:当日状态：已约满
INFO:root:当日状态：已约满
INFO:root:当日状态：已约满
INFO:root:当日状态：已约满
INFO:root:当日状态：已约满
INFO:root:1573517451.5770333 页面已更新
INFO:root:当日状态：已约满
INFO:root:当日状态：已约满
INFO:root:当日状态：已约满
INFO:root:当日状态：已约满
INFO:root:当日状态：已约满
INFO:root:1573517451.5770333 页面已更新
INFO:root:当日状态：已约满
INFO:root:当日状态：已约满
INFO:root:当日状态：已约满
INFO:root:当日状态：已约满
INFO:root:当日状态：已约满
INFO:root:1573517451.575957 页面已更新
INFO:root:当日状态：已约满
INFO:root:当日状态：已约满
INFO:root:当日状态：已约满
INFO:root:当日状态：已约满
INFO:root:当日状态：已约满
INFO:root:1573517451.5783603 页面已更新
INFO:root:当日状态：已约满
INFO:root:当日状态：已约满
INFO:root:当日状态：已约满
INFO:root:当日状态：已约满
INFO:root:当日状态：已约满
INFO:root:1573517451.575957 页面已更新
INFO:root:当日状态：已约满
INFO:root:当日状态：已约满
INFO:root:当日状态：已约满
INFO:root:当日状态：已约满
INFO:root:当日状态：已约满
INFO:root:1573517451.5783603 页面已更新
INFO:root:当日状态：已约满
INFO:root:当日状态：已约满
INFO:root:1573517451.5770333 页面已更新
INFO:root:当日状态：已约满
INFO:root:当日状态：已约满
INFO:root:1573517451.5783603 页面已更新
INFO:root:当日状态：已约满
INFO:root:当日状态：已约满
INFO:root:1573517451.5770333 页面已更新
INFO:root:当日状态：已约满
INFO:root:当日状态：已约满
INFO:root:1573517451.5783603 页面已更新
INFO:root:当日状态：已约满
INFO:root:当日状态：已约满
INFO:root:1573517451.575957 页面已更新
INFO:root:当日状态：已约满
INFO:root:当日状态：已约满
INFO:root:1573517451.5783603 页面已更新
INFO:root:当日状态：已约满
INFO:root:当日状态：已约满
INFO:root:当日状态：已约满
INFO:root:当日状态：已约满
INFO:root:1573517451.5805516 页面已更新
INFO:root:当日状态：已约满
INFO:root:当日状态：已约满
INFO:root:当日状态：已约满
INFO:root:当日状态：已约满
INFO:root:1573517451.5805516 页面已更新
INFO:root:当日状态：已约满
INFO:root:当日状态：已约满
INFO:root:当日状态：已约满
INFO:root:当日状态：已约满
INFO:root:1573517451.5805516 页面已更新
INFO:root:当日状态：已约满
INFO:root:当日状态：已约满
INFO:root:当日状态：已约满
INFO:root:当日状态：已约满
INFO:root:当日状态：已约满
INFO:root:1573517451.5805516 页面已更新
INFO:root:当日状态：已约满
INFO:root:当日状态：已约满
INFO:root:当日状态：已约满
INFO:root:当日状态：已约满
INFO:root:当日状态：已约满
INFO:root:1573517451.5805516 页面已更新
INFO:root:当日状态：已约满
INFO:root:当日状态：已约满
INFO:root:当日状态：已约满
INFO:root:当日状态：已约满
INFO:root:当日状态：已约满
INFO:root:1573517451.5783603 页面已更新
INFO:root:当日状态：已约满
INFO:root:当日状态：已约满
INFO:root:当日状态：已约满
INFO:root:当日状态：已约满
INFO:root:当日状态：已约满
INFO:root:1573517451.575957 页面已更新
INFO:root:当日状态：已约满
INFO:root:当日状态：已约满
INFO:root:当日状态：已约满
INFO:root:当日状态：已约满
INFO:root:当日状态：已约满
INFO:root:1573517451.5783603 页面已更新
INFO:root:当日状态：已约满
INFO:root:当日状态：已约满
INFO:root:当日状态：已约满
INFO:root:当日状态：已约满
INFO:root:当日状态：已约满
INFO:root:1573517451.5805516 页面已更新
INFO:root:当日状态：已约满
INFO:root:当日状态：已约满
INFO:root:1573517451.575957 页面已更新
INFO:root:当日状态：已约满
INFO:root:当日状态：已约满
INFO:root:1573517451.5783603 页面已更新
INFO:root:当日状态：已约满
INFO:root:当日状态：已约满
INFO:root:1573517451.5770333 页面已更新
INFO:root:当日状态：已约满
INFO:root:当日状态：已约满
INFO:root:1573517451.5805516 页面已更新
INFO:root:当日状态：已约满
INFO:root:当日状态：已约满
INFO:root:1573517451.5805516 页面已更新
INFO:root:当日状态：已约满
INFO:root:当日状态：已约满
INFO:root:1573517451.5770333 页面已更新
INFO:root:当日状态：已约满
INFO:root:当日状态：已约满
INFO:root:当日状态：已约满
INFO:root:当日状态：已约满
INFO:root:1573517451.5770333 页面已更新
INFO:root:当日状态：已约满
INFO:root:当日状态：已约满
INFO:root:当日状态：已约满
INFO:root:当日状态：已约满
INFO:root:1573517451.5783603 页面已更新
INFO:root:当日状态：已约满
INFO:root:当日状态：已约满
INFO:root:当日状态：已约满
INFO:root:当日状态：已约满
INFO:root:1573517451.575957 页面已更新
INFO:root:当日状态：已约满
INFO:root:当日状态：已约满
INFO:root:当日状态：已约满
INFO:root:当日状态：已约满
INFO:root:当日状态：已约满
INFO:root:1573517451.5770333 页面已更新
INFO:root:当日状态：已约满
INFO:root:当日状态：已约满
INFO:root:当日状态：已约满
INFO:root:当日状态：已约满
INFO:root:当日状态：已约满
INFO:root:1573517451.5770333 页面已更新
INFO:root:当日状态：已约满
INFO:root:当日状态：已约满
INFO:root:当日状态：已约满
INFO:root:当日状态：已约满
INFO:root:当日状态：已约满
INFO:root:1573517451.5805516 页面已更新
INFO:root:当日状态：已约满
INFO:root:当日状态：已约满
INFO:root:当日状态：已约满
INFO:root:当日状态：已约满
INFO:root:当日状态：已约满
INFO:root:1573517451.5770333 页面已更新
INFO:root:当日状态：已约满
INFO:root:当日状态：已约满
INFO:root:当日状态：已约满
INFO:root:当日状态：已约满
INFO:root:当日状态：已约满
INFO:root:1573517451.5805516 页面已更新
INFO:root:当日状态：已约满
INFO:root:当日状态：已约满
INFO:root:当日状态：已约满
INFO:root:当日状态：已约满
INFO:root:当日状态：已约满
INFO:root:1573517451.5805516 页面已更新
INFO:root:当日状态：已约满
INFO:root:当日状态：已约满
INFO:root:1573517451.575957 页面已更新
INFO:root:当日状态：已约满
INFO:root:当日状态：已约满
INFO:root:1573517451.5783603 页面已更新
INFO:root:当日状态：已约满
INFO:root:当日状态：已约满
INFO:root:1573517451.575957 页面已更新
INFO:root:当日状态：已约满
INFO:root:当日状态：已约满
INFO:root:1573517451.5770333 页面已更新
INFO:root:当日状态：已约满
INFO:root:当日状态：已约满
INFO:root:1573517451.5783603 页面已更新
INFO:root:当日状态：已约满
INFO:root:当日状态：已约满
INFO:root:1573517451.5783603 页面已更新
INFO:root:当日状态：已约满
INFO:root:当日状态：已约满
INFO:root:当日状态：已约满
INFO:root:当日状态：已约满
INFO:root:1573517451.5805516 页面已更新
INFO:root:当日状态：已约满
INFO:root:当日状态：已约满
INFO:root:当日状态：已约满
INFO:root:当日状态：已约满
INFO:root:1573517451.5783603 页面已更新
INFO:root:当日状态：已约满
INFO:root:当日状态：已约满
INFO:root:当日状态：已约满
INFO:root:当日状态：已约满
INFO:root:1573517451.575957 页面已更新
INFO:root:当日状态：已约满
INFO:root:当日状态：已约满
INFO:root:当日状态：已约满
INFO:root:当日状态：已约满
INFO:root:当日状态：已约满
INFO:root:1573517451.5783603 页面已更新
INFO:root:当日状态：已约满
INFO:root:当日状态：已约满
INFO:root:当日状态：已约满
INFO:root:当日状态：已约满
INFO:root:当日状态：已约满
INFO:root:1573517451.5770333 页面已更新
INFO:root:当日状态：已约满
INFO:root:当日状态：已约满
INFO:root:当日状态：已约满
INFO:root:当日状态：已约满
INFO:root:当日状态：已约满
INFO:root:1573517451.5783603 页面已更新
INFO:root:当日状态：已约满
INFO:root:当日状态：已约满
INFO:root:当日状态：已约满
INFO:root:当日状态：已约满
INFO:root:当日状态：已约满
INFO:root:1573517451.5770333 页面已更新
INFO:root:当日状态：已约满
INFO:root:当日状态：已约满
INFO:root:当日状态：已约满
INFO:root:当日状态：已约满
INFO:root:当日状态：已约满
INFO:root:1573517451.5770333 页面已更新
INFO:root:当日状态：已约满
INFO:root:当日状态：已约满
INFO:root:当日状态：已约满
INFO:root:当日状态：已约满
INFO:root:当日状态：已约满
INFO:root:1573517451.575957 页面已更新
INFO:root:当日状态：已约满
INFO:root:当日状态：已约满
INFO:root:1573517451.575957 页面已更新
INFO:root:当日状态：已约满
INFO:root:当日状态：已约满
INFO:root:1573517451.5783603 页面已更新
INFO:root:当日状态：已约满
INFO:root:当日状态：已约满
INFO:root:1573517451.5783603 页面已更新
INFO:root:当日状态：已约满
INFO:root:当日状态：已约满
INFO:root:1573517451.5805516 页面已更新
INFO:root:当日状态：已约满
INFO:root:当日状态：已约满
INFO:root:1573517451.5770333 页面已更新
INFO:root:当日状态：已约满
INFO:root:当日状态：已约满
INFO:root:1573517451.5805516 页面已更新
INFO:root:当日状态：已约满
INFO:root:当日状态：已约满
INFO:root:当日状态：可预约
INFO:root:1573517451.5783603 页面已更新
INFO:root:当日状态：已约满
INFO:root:当日状态：已约满
INFO:root:当日状态：可预约
INFO:root:预约成功
INFO:root:预约成功
INFO:root:1573517451.5783603 页面已更新
INFO:root:当日状态：已约满
INFO:root:当日状态：已约满
INFO:root:当日状态：可预约
INFO:root:1573517451.575957 页面已更新
INFO:root:当日状态：已约满
INFO:root:当日状态：已约满
INFO:root:当日状态：已约满
INFO:root:当日状态：已约满
INFO:root:当日状态：已约满
INFO:root:预约成功
INFO:root:1573517451.5783603 页面已更新
INFO:root:当日状态：已约满
INFO:root:当日状态：已约满
INFO:root:当日状态：已约满
INFO:root:当日状态：已约满
INFO:root:当日状态：已约满
INFO:root:1573517451.5783603 页面已更新
INFO:root:当日状态：已约满
INFO:root:当日状态：已约满
INFO:root:当日状态：已约满
INFO:root:当日状态：可预约
INFO:root:1573517451.575957 页面已更新
INFO:root:当日状态：已约满
INFO:root:当日状态：已约满
INFO:root:当日状态：已约满
INFO:root:当日状态：可预约
INFO:root:1573517451.5805516 页面已更新
INFO:root:当日状态：已约满
INFO:root:当日状态：已约满
INFO:root:当日状态：已约满
INFO:root:当日状态：可预约
INFO:root:1573517451.5770333 页面已更新
INFO:root:当日状态：已约满
INFO:root:当日状态：已约满
INFO:root:当日状态：已约满
INFO:root:当日状态：可预约
INFO:root:1573534582.6429336 页面已更新
INFO:root:当日状态：已约满
INFO:root:当日状态：已约满
INFO:root:1573534582.6429336 页面已更新
INFO:root:当日状态：已约满
INFO:root:当日状态：已约满
INFO:root:1573534582.647443 页面已更新
INFO:root:当日状态：已约满
INFO:root:当日状态：已约满
INFO:root:1573534582.6429336 页面已更新
INFO:root:当日状态：已约满
INFO:root:当日状态：已约满
INFO:root:1573534582.6440945 页面已更新
INFO:root:当日状态：已约满
INFO:root:当日状态：已约满
INFO:root:1573534626.2270894 页面已更新
INFO:root:当日状态：已约满
INFO:root:当日状态：可预约
INFO:root:预约成功
INFO:root:1573537627.661769 页面已更新
INFO:root:1573539157.784959 页面已更新
INFO:root:1573539157.7849584 页面已更新
INFO:root:当日状态：已约满
INFO:root:当日状态：已约满
INFO:root:当日状态：已约满
INFO:root:当日状态：可预约
INFO:root:预约成功
ERROR:root:HTTPConnectionPool(host='www.gaoblog.cn', port=5010): Max retries exceeded with url: /delete/?proxy=190.152.223.2:61860 (Caused by NewConnectionError('<urllib3.connection.HTTPConnection object at 0x7f097dd6b9b0>: Failed to establish a new connection: [Errno -3] Temporary failure in name resolution',))
ERROR:root:HTTPConnectionPool(host='www.gaoblog.cn', port=5010): Max retries exceeded with url: /get/ (Caused by NewConnectionError('<urllib3.connection.HTTPConnection object at 0x7f097dd6bc50>: Failed to establish a new connection: [Errno -3] Temporary failure in name resolution',))
ERROR:root:HTTPConnectionPool(host='www.gaoblog.cn', port=5010): Max retries exceeded with url: /get/ (Caused by NewConnectionError('<urllib3.connection.HTTPConnection object at 0x7f065a418f60>: Failed to establish a new connection: [Errno -3] Temporary failure in name resolution',))
ERROR:root:HTTPConnectionPool(host='www.gaoblog.cn', port=5010): Max retries exceeded with url: /get/ (Caused by ReadTimeoutError("HTTPConnectionPool(host='www.gaoblog.cn', port=5010): Read timed out. (read timeout=None)",))
ERROR:root:HTTPConnectionPool(host='www.gaoblog.cn', port=5010): Max retries exceeded with url: /delete/?proxy=1.175.135.26:3128 (Caused by ReadTimeoutError("HTTPConnectionPool(host='www.gaoblog.cn', port=5010): Read timed out. (read timeout=None)",))
INFO:root:1573572937.8512962 页面已更新
INFO:root:1573572937.8526409 页面已更新
INFO:root:1573572937.8541594 页面已更新
INFO:root:当日状态：已约满
INFO:root:当日状态：已约满
INFO:root:1573572937.8541594 页面已更新
INFO:root:当日状态：已约满
INFO:root:当日状态：已约满
INFO:root:1573572937.8541594 页面已更新
INFO:root:当日状态：已约满
INFO:root:当日状态：已约满
INFO:root:1573572937.8541594 页面已更新
INFO:root:当日状态：已约满
INFO:root:当日状态：已约满
INFO:root:1573572937.8541594 页面已更新
INFO:root:当日状态：已约满
INFO:root:当日状态：已约满
INFO:root:1573572937.8541594 页面已更新
INFO:root:当日状态：已约满
INFO:root:当日状态：已约满
INFO:root:当日状态：已约满
INFO:root:当日状态：已约满
INFO:root:当日状态：已约满
INFO:root:1573572937.8541594 页面已更新
INFO:root:当日状态：已约满
INFO:root:当日状态：已约满
INFO:root:当日状态：已约满
INFO:root:当日状态：已约满
INFO:root:当日状态：已约满
INFO:root:1573572937.850165 页面已更新
INFO:root:当日状态：已约满
INFO:root:当日状态：已约满
INFO:root:当日状态：已约满
INFO:root:当日状态：已约满
INFO:root:1573572937.850165 页面已更新
INFO:root:当日状态：已约满
INFO:root:当日状态：已约满
INFO:root:当日状态：已约满
INFO:root:当日状态：已约满
INFO:root:1573572937.850165 页面已更新
INFO:root:当日状态：已约满
INFO:root:当日状态：已约满
INFO:root:当日状态：已约满
INFO:root:当日状态：已约满
INFO:root:1573572937.8541594 页面已更新
INFO:root:1573572937.850165 页面已更新
INFO:root:当日状态：已约满
INFO:root:当日状态：已约满
INFO:root:1573572937.850165 页面已更新
INFO:root:当日状态：已约满
INFO:root:当日状态：已约满
INFO:root:1573572937.850165 页面已更新
INFO:root:当日状态：已约满
INFO:root:当日状态：已约满
INFO:root:1573573132.9293952 页面已更新
INFO:root:当日状态：已约满
INFO:root:当日状态：已约满
INFO:root:当日状态：已约满
INFO:root:当日状态：已约满
INFO:root:1573573132.9263859 页面已更新
INFO:root:当日状态：已约满
INFO:root:当日状态：已约满
INFO:root:当日状态：已约满
INFO:root:当日状态：已约满
INFO:root:1573573132.9303973 页面已更新
INFO:root:当日状态：已约满
INFO:root:当日状态：已约满
INFO:root:当日状态：已约满
INFO:root:当日状态：已约满
INFO:root:1573573132.9247825 页面已更新
INFO:root:当日状态：已约满
INFO:root:当日状态：已约满
INFO:root:当日状态：已约满
INFO:root:当日状态：已约满
INFO:root:1573574011.744814 页面已更新
INFO:root:当日状态：已约满
INFO:root:当日状态：已约满
INFO:root:当日状态：已约满
INFO:root:当日状态：已约满
INFO:root:1573574011.7381823 页面已更新
INFO:root:当日状态：已约满
INFO:root:当日状态：已约满
INFO:root:当日状态：已约满
INFO:root:当日状态：已约满
INFO:root:1573574011.7396736 页面已更新
INFO:root:当日状态：已约满
INFO:root:当日状态：已约满
INFO:root:当日状态：已约满
INFO:root:当日状态：已约满
INFO:root:1573574011.743222 页面已更新
INFO:root:当日状态：已约满
INFO:root:当日状态：已约满
INFO:root:当日状态：已约满
INFO:root:当日状态：已约满
INFO:root:1573575536.0051098 页面已更新
INFO:root:1573575536.0069456 页面已更新
INFO:root:1573575535.9988582 页面已更新
INFO:root:1573575536.000297 页面已更新
INFO:root:1573575102.0323265 页面已更新
INFO:root:1573575102.0355878 页面已更新
INFO:root:预约成功
INFO:root:预约成功
INFO:root:1573575575.2140286 页面已更新
INFO:root:1573575102.0323265 页面已更新
ERROR:root:HTTPConnectionPool(host='159.12.192.13', port=10254): Max retries exceeded with url: http://kwemobile.bceapp.com/maotai.php (Caused by ConnectTimeoutError(<urllib3.connection.HTTPConnection object at 0x7f1533d1ecc0>, 'Connection to 159.12.192.13 timed out. (connect timeout=3)'))
INFO:root:1573575102.030415 页面已更新
INFO:root:1573575102.0355878 页面已更新
INFO:root:预约成功
INFO:root:预约成功
INFO:root:1573575102.030415 页面已更新
INFO:root:1573575102.0348508 页面已更新
INFO:root:预约成功
INFO:root:1573575102.030415 页面已更新
INFO:root:预约成功
INFO:root:预约成功
INFO:root:1573575102.0355878 页面已更新
INFO:root:1573575102.0348508 页面已更新
ERROR:root:HTTPConnectionPool(host='167.71.192.11', port=8080): Max retries exceeded with url: http://kwemobile.bceapp.com/maotai.php (Caused by ReadTimeoutError("HTTPConnectionPool(host='167.71.192.11', port=8080): Read timed out. (read timeout=3)",))
INFO:root:1573575102.0348508 页面已更新
INFO:root:预约成功
INFO:root:预约成功
INFO:root:1573575102.030415 页面已更新
INFO:root:1573575662.970596 页面已更新
INFO:root:1573575662.9773667 页面已更新
INFO:root:预约成功
INFO:root:1573575662.9703646 页面已更新
INFO:root:预约成功
INFO:root:1573576216.997002 页面已更新
